[18:41:29.810 thr-401481] Starting node server with id 1
[18:41:31.527 thr-401502] 0x55d44442ca40 per_core pool capacity 2621440, element size 40
[18:41:31.606 thr-401505] Allocating EpochMemory
[18:41:32.308 thr-401505] OnDemand 0 Splitted/Batch 0/0 rows
[18:41:32.557 thr-401481] Memory allocated: 21700MB in total
[18:41:34.557 thr-401481] Completion object at 0x55d44566d440
[18:41:34.688 thr-401481] Generating Benchmarks...
[18:41:35.987 thr-401481] Ready. Waiting for run command from the controller.
[18:41:36.922 thr-401483] InitNode [ node_id=1, compressed_id=0 ]
[18:41:36.922 thr-401481] Starting workload
[18:41:36.922 thr-401481] load percentage 100%
[18:41:36.922 thr-401483] We are going into epoch 1
[18:41:36.922 thr-401483] Using EpochTxnSet 0x55d4456719e8
[18:41:36.922 thr-401483] Send StartPhase nr_ent 1
[18:41:36.922 thr-401483] Done Sending Start Phase
[18:41:36.924 thr-401491] Flushing buffer plan
[18:41:36.924 thr-401491] Done Flushing buffer plan on 1
[18:41:36.925 thr-401491] Insert 2ms
[18:41:36.925 thr-401491] GC:  0(0)=0K 0(0)=0K 0(0)=0K 0(0)=0K 0(0)=0K 0(0)=0K 0(0)=0K 0(0)=0K
[18:41:36.925 thr-401491] Send StartPhase nr_ent 0
[18:41:36.925 thr-401491] Done Sending Start Phase
[18:41:36.950 thr-401485] Flushing buffer plan
[18:41:36.950 thr-401485] Done Flushing buffer plan on 1
[18:41:36.951 thr-401485] Initialization 26ms
[18:41:36.951 thr-401485] OnDemand 0 Splitted/Batch 0/0 rows
[18:41:36.951 thr-401485] Send StartPhase nr_ent 0
[18:41:36.951 thr-401485] Done Sending Start Phase
[18:41:36.954 thr-401491] Flushing buffer plan
[18:41:36.954 thr-401491] Done Flushing buffer plan on 1
[18:41:36.988 thr-401485] Execution 37ms
[18:41:36.989 thr-401485] Wait Counts 135729 0 163862 46969 270449 0 210359 62171 
[18:41:36.989 thr-401485] We are going into epoch 2
[18:41:36.989 thr-401485] Using EpochTxnSet 0x55d445671ae8
[18:41:36.989 thr-401485] Send StartPhase nr_ent 0
[18:41:36.989 thr-401485] Done Sending Start Phase
[18:41:36.991 thr-401489] Flushing buffer plan
[18:41:36.991 thr-401489] Done Flushing buffer plan on 1
[18:41:36.991 thr-401489] Insert 2ms
[18:41:36.991 thr-401489] GC:  0(0)=0K 0(0)=0K 0(0)=0K 0(0)=0K 0(0)=0K 0(0)=0K 0(0)=0K 0(0)=0K
[18:41:36.991 thr-401489] Send StartPhase nr_ent 0
[18:41:36.991 thr-401489] Done Sending Start Phase
[18:41:37.016 thr-401485] Flushing buffer plan
[18:41:37.016 thr-401485] Done Flushing buffer plan on 1
[18:41:37.017 thr-401485] Initialization 26ms
[18:41:37.017 thr-401485] OnDemand 0 Splitted/Batch 0/0 rows
[18:41:37.017 thr-401485] Send StartPhase nr_ent 0
[18:41:37.017 thr-401485] Done Sending Start Phase
[18:41:37.020 thr-401489] Flushing buffer plan
[18:41:37.020 thr-401489] Done Flushing buffer plan on 1
[18:41:37.055 thr-401485] Execution 38ms
[18:41:37.055 thr-401485] Wait Counts 206670 0 230565 57151 325735 0 295665 185578 
[18:41:37.055 thr-401485] We are going into epoch 3
[18:41:37.055 thr-401485] Using EpochTxnSet 0x55d445671be8
[18:41:37.055 thr-401485] Send StartPhase nr_ent 0
[18:41:37.055 thr-401485] Done Sending Start Phase
[18:41:37.057 thr-401489] Flushing buffer plan
[18:41:37.058 thr-401489] Done Flushing buffer plan on 1
[18:41:37.058 thr-401489] Insert 2ms
[18:41:37.058 thr-401489] GC:  0(0)=593K 0(0)=593K 0(0)=626K 0(0)=642K 0(0)=572K 0(0)=572K 0(0)=608K 0(0)=596K
[18:41:37.058 thr-401489] Send StartPhase nr_ent 0
[18:41:37.058 thr-401489] Done Sending Start Phase
[18:41:37.083 thr-401491] Flushing buffer plan
[18:41:37.083 thr-401491] Done Flushing buffer plan on 1
[18:41:37.083 thr-401491] Initialization 25ms
[18:41:37.083 thr-401491] OnDemand 0 Splitted/Batch 0/0 rows
[18:41:37.083 thr-401491] Send StartPhase nr_ent 0
[18:41:37.083 thr-401491] Done Sending Start Phase
[18:41:37.087 thr-401487] Flushing buffer plan
[18:41:37.087 thr-401487] Done Flushing buffer plan on 1
[18:41:37.123 thr-401485] Execution 39ms
[18:41:37.123 thr-401485] Wait Counts 316059 0 328160 132810 289178 20831 301154 201011 
[18:41:37.123 thr-401485] We are going into epoch 4
[18:41:37.123 thr-401485] Using EpochTxnSet 0x55d445671ce8
[18:41:37.123 thr-401485] Send StartPhase nr_ent 0
[18:41:37.123 thr-401485] Done Sending Start Phase
[18:41:37.125 thr-401489] Flushing buffer plan
[18:41:37.125 thr-401489] Done Flushing buffer plan on 1
[18:41:37.125 thr-401489] Insert 2ms
[18:41:37.125 thr-401489] GC:  0(0)=1194K 0(0)=1172K 0(0)=1151K 0(0)=1228K 0(0)=1173K 0(0)=1164K 0(0)=1199K 0(0)=1209K
[18:41:37.125 thr-401489] Send StartPhase nr_ent 0
[18:41:37.125 thr-401489] Done Sending Start Phase
[18:41:37.149 thr-401489] Flushing buffer plan
[18:41:37.149 thr-401489] Done Flushing buffer plan on 1
[18:41:37.150 thr-401489] Initialization 24ms
[18:41:37.150 thr-401489] OnDemand 0 Splitted/Batch 0/0 rows
[18:41:37.150 thr-401489] Send StartPhase nr_ent 0
[18:41:37.150 thr-401489] Done Sending Start Phase
[18:41:37.153 thr-401490] Flushing buffer plan
[18:41:37.153 thr-401490] Done Flushing buffer plan on 1
[18:41:37.189 thr-401485] Execution 39ms
[18:41:37.189 thr-401485] Wait Counts 318055 0 250193 178219 351099 79438 360857 174361 
[18:41:37.189 thr-401485] We are going into epoch 5
[18:41:37.189 thr-401485] Using EpochTxnSet 0x55d445671de8
[18:41:37.189 thr-401485] Send StartPhase nr_ent 0
[18:41:37.189 thr-401485] Done Sending Start Phase
[18:41:37.191 thr-401489] Flushing buffer plan
[18:41:37.191 thr-401489] Done Flushing buffer plan on 1
[18:41:37.192 thr-401489] Insert 2ms
[18:41:37.192 thr-401489] GC:  0(0)=1778K 0(0)=1774K 0(0)=1730K 0(0)=1691K 0(0)=1779K 0(0)=1708K 0(0)=1747K 0(0)=1755K
[18:41:37.192 thr-401489] Send StartPhase nr_ent 0
[18:41:37.192 thr-401489] Done Sending Start Phase
[18:41:37.216 thr-401485] Flushing buffer plan
[18:41:37.216 thr-401485] Done Flushing buffer plan on 1
[18:41:37.217 thr-401485] Initialization 24ms
[18:41:37.217 thr-401485] OnDemand 0 Splitted/Batch 0/0 rows
[18:41:37.217 thr-401485] Send StartPhase nr_ent 0
[18:41:37.217 thr-401485] Done Sending Start Phase
[18:41:37.220 thr-401487] Flushing buffer plan
[18:41:37.220 thr-401487] Done Flushing buffer plan on 1
[18:41:37.257 thr-401485] Execution 40ms
[18:41:37.257 thr-401485] Wait Counts 380113 0 337906 152167 328954 112001 404565 233075 
[18:41:37.257 thr-401485] We are going into epoch 6
[18:41:37.257 thr-401485] Using EpochTxnSet 0x55d445671ee8
[18:41:37.257 thr-401485] Send StartPhase nr_ent 0
[18:41:37.257 thr-401485] Done Sending Start Phase
[18:41:37.259 thr-401489] Flushing buffer plan
[18:41:37.259 thr-401489] Done Flushing buffer plan on 1
[18:41:37.259 thr-401489] Insert 2ms
[18:41:37.260 thr-401489] GC:  0(0)=2357K 0(0)=2291K 0(0)=2402K 0(0)=2256K 0(0)=2337K 0(0)=2278K 0(0)=2295K 0(0)=2293K
[18:41:37.260 thr-401489] Send StartPhase nr_ent 0
[18:41:37.260 thr-401489] Done Sending Start Phase
[18:41:37.284 thr-401489] Flushing buffer plan
[18:41:37.284 thr-401489] Done Flushing buffer plan on 1
[18:41:37.285 thr-401489] Initialization 25ms
[18:41:37.285 thr-401489] OnDemand 0 Splitted/Batch 0/0 rows
[18:41:37.285 thr-401489] Send StartPhase nr_ent 0
[18:41:37.285 thr-401489] Done Sending Start Phase
[18:41:37.288 thr-401487] Flushing buffer plan
[18:41:37.288 thr-401487] Done Flushing buffer plan on 1
[18:41:37.325 thr-401485] Execution 40ms
[18:41:37.325 thr-401485] Wait Counts 275418 0 257289 96472 292871 28394 347185 120332 
[18:41:37.325 thr-401485] We are going into epoch 7
[18:41:37.325 thr-401485] Using EpochTxnSet 0x55d445671fe8
[18:41:37.325 thr-401485] Send StartPhase nr_ent 0
[18:41:37.325 thr-401485] Done Sending Start Phase
[18:41:37.327 thr-401489] Flushing buffer plan
[18:41:37.327 thr-401489] Done Flushing buffer plan on 1
[18:41:37.328 thr-401489] Insert 2ms
[18:41:37.328 thr-401489] GC:  0(0)=2834K 0(0)=2799K 0(0)=2762K 0(0)=2806K 0(0)=2755K 0(0)=2820K 0(0)=2783K 0(0)=2816K
[18:41:37.328 thr-401489] Send StartPhase nr_ent 0
[18:41:37.328 thr-401489] Done Sending Start Phase
[18:41:37.353 thr-401489] Flushing buffer plan
[18:41:37.353 thr-401489] Done Flushing buffer plan on 1
[18:41:37.353 thr-401489] Initialization 25ms
[18:41:37.353 thr-401489] OnDemand 0 Splitted/Batch 0/0 rows
[18:41:37.353 thr-401489] Send StartPhase nr_ent 0
[18:41:37.353 thr-401489] Done Sending Start Phase
[18:41:37.357 thr-401485] Flushing buffer plan
[18:41:37.357 thr-401485] Done Flushing buffer plan on 1
[18:41:37.394 thr-401489] Execution 40ms
[18:41:37.394 thr-401489] Wait Counts 306408 23251 294844 140393 385860 0 324824 189783 
[18:41:37.394 thr-401489] We are going into epoch 8
[18:41:37.394 thr-401489] Using EpochTxnSet 0x55d4456720e8
[18:41:37.394 thr-401489] Send StartPhase nr_ent 0
[18:41:37.394 thr-401489] Done Sending Start Phase
[18:41:37.396 thr-401487] Flushing buffer plan
[18:41:37.396 thr-401487] Done Flushing buffer plan on 1
[18:41:37.402 thr-401491] Insert 7ms
[18:41:37.402 thr-401491] GC:  21319(421)=24477K 16419(324)=19649K 24147(475)=27218K 19821(388)=22873K 24540(481)=27566K 20754(408)=23815K 23704(467)=26918K 19802(391)=22947K
[18:41:37.402 thr-401491] Send StartPhase nr_ent 0
[18:41:37.402 thr-401491] Done Sending Start Phase
[18:41:37.428 thr-401487] Flushing buffer plan
[18:41:37.428 thr-401487] Done Flushing buffer plan on 1
[18:41:37.428 thr-401487] Initialization 26ms
[18:41:37.428 thr-401487] OnDemand 0 Splitted/Batch 0/0 rows
[18:41:37.428 thr-401487] Send StartPhase nr_ent 0
[18:41:37.428 thr-401487] Done Sending Start Phase
[18:41:37.431 thr-401485] Flushing buffer plan
[18:41:37.431 thr-401485] Done Flushing buffer plan on 1
[18:41:37.470 thr-401485] Execution 42ms
[18:41:37.471 thr-401485] Wait Counts 353624 0 345712 135462 366065 34719 339633 106324 
[18:41:37.471 thr-401485] We are going into epoch 9
[18:41:37.471 thr-401485] Using EpochTxnSet 0x55d4456721e8
[18:41:37.471 thr-401485] Send StartPhase nr_ent 0
[18:41:37.471 thr-401485] Done Sending Start Phase
[18:41:37.473 thr-401487] Flushing buffer plan
[18:41:37.473 thr-401487] Done Flushing buffer plan on 1
[18:41:37.478 thr-401486] Insert 7ms
[18:41:37.478 thr-401486] GC:  21826(430)=24969K 16057(315)=19126K 24156(476)=27288K 19882(391)=23053K 24972(493)=28133K 19886(391)=23029K 23896(468)=26994K 19783(388)=22932K
[18:41:37.478 thr-401486] Send StartPhase nr_ent 0
[18:41:37.478 thr-401486] Done Sending Start Phase
[18:41:37.503 thr-401489] Flushing buffer plan
[18:41:37.504 thr-401489] Done Flushing buffer plan on 1
[18:41:37.504 thr-401489] Initialization 25ms
[18:41:37.504 thr-401489] OnDemand 0 Splitted/Batch 0/0 rows
[18:41:37.504 thr-401489] Send StartPhase nr_ent 0
[18:41:37.504 thr-401489] Done Sending Start Phase
[18:41:37.507 thr-401491] Flushing buffer plan
[18:41:37.507 thr-401491] Done Flushing buffer plan on 1
[18:41:37.546 thr-401485] Execution 42ms
[18:41:37.546 thr-401485] Wait Counts 325720 0 260290 113228 366832 20639 349744 82786 
[18:41:37.546 thr-401485] We are going into epoch 10
[18:41:37.546 thr-401485] Using EpochTxnSet 0x55d4456722e8
[18:41:37.546 thr-401485] Send StartPhase nr_ent 0
[18:41:37.546 thr-401485] Done Sending Start Phase
[18:41:37.548 thr-401489] Flushing buffer plan
[18:41:37.548 thr-401489] Done Flushing buffer plan on 1
[18:41:37.554 thr-401487] Insert 7ms
[18:41:37.554 thr-401487] GC:  21504(424)=24677K 16482(325)=19648K 23821(466)=26874K 20554(405)=23806K 24591(481)=27758K 19906(391)=23002K 23382(461)=26579K 20152(398)=23225K
[18:41:37.554 thr-401487] Send StartPhase nr_ent 0
[18:41:37.554 thr-401487] Done Sending Start Phase
[18:41:37.579 thr-401491] Flushing buffer plan
[18:41:37.579 thr-401491] Done Flushing buffer plan on 1
[18:41:37.579 thr-401491] Initialization 25ms
[18:41:37.579 thr-401491] OnDemand 0 Splitted/Batch 0/0 rows
[18:41:37.579 thr-401491] Send StartPhase nr_ent 0
[18:41:37.579 thr-401491] Done Sending Start Phase
[18:41:37.583 thr-401487] Flushing buffer plan
[18:41:37.583 thr-401487] Done Flushing buffer plan on 1
[18:41:37.622 thr-401485] Execution 42ms
[18:41:37.622 thr-401485] Wait Counts 367965 1785 358419 91229 410871 0 332417 106842 
[18:41:37.622 thr-401485] We are going into epoch 11
[18:41:37.622 thr-401485] Using EpochTxnSet 0x55d4456723e8
[18:41:37.622 thr-401485] Send StartPhase nr_ent 0
[18:41:37.622 thr-401485] Done Sending Start Phase
[18:41:37.624 thr-401489] Flushing buffer plan
[18:41:37.624 thr-401489] Done Flushing buffer plan on 1
[18:41:37.630 thr-401485] Insert 7ms
[18:41:37.630 thr-401485] GC:  21556(424)=24743K 16677(326)=19774K 23857(469)=26947K 20385(402)=23497K 24649(484)=27681K 19885(391)=23040K 23635(462)=26729K 20084(395)=23222K
[18:41:37.630 thr-401485] Send StartPhase nr_ent 0
[18:41:37.630 thr-401485] Done Sending Start Phase
[18:41:37.655 thr-401485] Flushing buffer plan
[18:41:37.655 thr-401485] Done Flushing buffer plan on 1
[18:41:37.655 thr-401485] Initialization 25ms
[18:41:37.655 thr-401485] OnDemand 0 Splitted/Batch 0/0 rows
[18:41:37.655 thr-401485] Send StartPhase nr_ent 0
[18:41:37.655 thr-401485] Done Sending Start Phase
[18:41:37.659 thr-401491] Flushing buffer plan
[18:41:37.659 thr-401491] Done Flushing buffer plan on 1
[18:41:37.698 thr-401485] Execution 42ms
[18:41:37.698 thr-401485] Wait Counts 346467 0 331283 55481 400136 0 359378 54414 
[18:41:37.698 thr-401485] We are going into epoch 12
[18:41:37.698 thr-401485] Using EpochTxnSet 0x55d4456724e8
[18:41:37.698 thr-401485] Send StartPhase nr_ent 0
[18:41:37.698 thr-401485] Done Sending Start Phase
[18:41:37.700 thr-401489] Flushing buffer plan
[18:41:37.700 thr-401489] Done Flushing buffer plan on 1
[18:41:37.706 thr-401486] Insert 7ms
[18:41:37.706 thr-401486] GC:  21813(428)=24937K 16550(326)=19710K 23953(471)=27027K 20268(398)=23359K 24992(490)=28059K 19693(387)=22823K 23580(465)=26647K 19726(387)=22851K
[18:41:37.706 thr-401486] Send StartPhase nr_ent 0
[18:41:37.706 thr-401486] Done Sending Start Phase
[18:41:37.731 thr-401489] Flushing buffer plan
[18:41:37.731 thr-401489] Done Flushing buffer plan on 1
[18:41:37.732 thr-401489] Initialization 25ms
[18:41:37.732 thr-401489] OnDemand 0 Splitted/Batch 0/0 rows
[18:41:37.732 thr-401489] Send StartPhase nr_ent 0
[18:41:37.732 thr-401489] Done Sending Start Phase
[18:41:37.735 thr-401487] Flushing buffer plan
[18:41:37.735 thr-401487] Done Flushing buffer plan on 1
[18:41:37.775 thr-401489] Execution 42ms
[18:41:37.775 thr-401489] Wait Counts 373987 0 327766 89798 401782 8752 371382 77457 
[18:41:37.775 thr-401489] We are going into epoch 13
[18:41:37.775 thr-401489] Using EpochTxnSet 0x55d4456725e8
[18:41:37.775 thr-401489] Send StartPhase nr_ent 0
[18:41:37.775 thr-401489] Done Sending Start Phase
[18:41:37.777 thr-401487] Flushing buffer plan
[18:41:37.777 thr-401487] Done Flushing buffer plan on 1
[18:41:37.782 thr-401489] Insert 7ms
[18:41:37.782 thr-401489] GC:  21932(431)=25031K 16609(327)=19780K 24127(474)=27269K 19728(388)=22918K 24555(487)=27614K 20126(397)=23258K 23562(465)=26651K 19630(385)=22829K
[18:41:37.782 thr-401489] Send StartPhase nr_ent 0
[18:41:37.782 thr-401489] Done Sending Start Phase
[18:41:37.807 thr-401489] Flushing buffer plan
[18:41:37.807 thr-401489] Done Flushing buffer plan on 1
[18:41:37.808 thr-401489] Initialization 25ms
[18:41:37.808 thr-401489] OnDemand 0 Splitted/Batch 0/0 rows
[18:41:37.808 thr-401489] Send StartPhase nr_ent 0
[18:41:37.808 thr-401489] Done Sending Start Phase
[18:41:37.811 thr-401487] Flushing buffer plan
[18:41:37.811 thr-401487] Done Flushing buffer plan on 1
[18:41:37.851 thr-401485] Execution 42ms
[18:41:37.851 thr-401485] Wait Counts 355686 0 331456 83161 373228 9920 312718 74618 
[18:41:37.851 thr-401485] We are going into epoch 14
[18:41:37.851 thr-401485] Using EpochTxnSet 0x55d4456726e8
[18:41:37.851 thr-401485] Send StartPhase nr_ent 0
[18:41:37.851 thr-401485] Done Sending Start Phase
[18:41:37.853 thr-401490] Flushing buffer plan
[18:41:37.853 thr-401490] Done Flushing buffer plan on 1
[18:41:37.859 thr-401487] Insert 7ms
[18:41:37.859 thr-401487] GC:  21766(430)=24934K 16806(330)=19906K 23549(463)=26624K 20559(402)=23665K 24452(482)=27548K 19983(391)=23082K 23328(459)=26413K 20161(396)=23239K
[18:41:37.859 thr-401487] Send StartPhase nr_ent 0
[18:41:37.859 thr-401487] Done Sending Start Phase
[18:41:37.884 thr-401485] Flushing buffer plan
[18:41:37.884 thr-401485] Done Flushing buffer plan on 1
[18:41:37.884 thr-401485] Initialization 25ms
[18:41:37.884 thr-401485] OnDemand 0 Splitted/Batch 0/0 rows
[18:41:37.884 thr-401485] Send StartPhase nr_ent 0
[18:41:37.884 thr-401485] Done Sending Start Phase
[18:41:37.888 thr-401489] Flushing buffer plan
[18:41:37.888 thr-401489] Done Flushing buffer plan on 1
[18:41:37.927 thr-401485] Execution 43ms
[18:41:37.927 thr-401485] Wait Counts 332256 1031 332699 71507 396337 0 334796 48922 
[18:41:37.927 thr-401485] We are going into epoch 15
[18:41:37.927 thr-401485] Using EpochTxnSet 0x55d4456727e8
[18:41:37.927 thr-401485] Send StartPhase nr_ent 0
[18:41:37.927 thr-401485] Done Sending Start Phase
[18:41:37.929 thr-401489] Flushing buffer plan
[18:41:37.929 thr-401489] Done Flushing buffer plan on 1
[18:41:37.935 thr-401485] Insert 7ms
[18:41:37.935 thr-401485] GC:  22520(442)=25603K 16637(327)=19802K 24054(474)=27100K 20273(398)=23447K 24700(485)=27723K 19247(380)=22384K 23644(464)=26654K 19463(381)=22602K
[18:41:37.935 thr-401485] Send StartPhase nr_ent 0
[18:41:37.935 thr-401485] Done Sending Start Phase
[18:41:37.961 thr-401489] Flushing buffer plan
[18:41:37.961 thr-401489] Done Flushing buffer plan on 1
[18:41:37.961 thr-401489] Initialization 26ms
[18:41:37.961 thr-401489] OnDemand 0 Splitted/Batch 0/0 rows
[18:41:37.961 thr-401489] Send StartPhase nr_ent 0
[18:41:37.961 thr-401489] Done Sending Start Phase
[18:41:37.965 thr-401485] Flushing buffer plan
[18:41:37.965 thr-401485] Done Flushing buffer plan on 1
[18:41:38.005 thr-401485] Execution 44ms
[18:41:38.005 thr-401485] Wait Counts 373596 0 310272 74310 395709 0 337093 97910 
[18:41:38.005 thr-401485] We are going into epoch 16
[18:41:38.005 thr-401485] Using EpochTxnSet 0x55d4456728e8
[18:41:38.005 thr-401485] Send StartPhase nr_ent 0
[18:41:38.005 thr-401485] Done Sending Start Phase
[18:41:38.007 thr-401489] Flushing buffer plan
[18:41:38.007 thr-401489] Done Flushing buffer plan on 1
[18:41:38.012 thr-401485] Insert 7ms
[18:41:38.012 thr-401485] GC:  21908(431)=25043K 16599(326)=19734K 24031(471)=27173K 20199(397)=23371K 24880(489)=27906K 19413(381)=22636K 23887(471)=26968K 19647(386)=22772K
[18:41:38.012 thr-401485] Send StartPhase nr_ent 0
[18:41:38.012 thr-401485] Done Sending Start Phase
[18:41:38.038 thr-401485] Flushing buffer plan
[18:41:38.038 thr-401485] Done Flushing buffer plan on 1
[18:41:38.038 thr-401485] Initialization 25ms
[18:41:38.038 thr-401485] OnDemand 0 Splitted/Batch 0/0 rows
[18:41:38.039 thr-401485] Send StartPhase nr_ent 0
[18:41:38.039 thr-401485] Done Sending Start Phase
[18:41:38.042 thr-401491] Flushing buffer plan
[18:41:38.042 thr-401491] Done Flushing buffer plan on 1
[18:41:38.082 thr-401485] Execution 43ms
[18:41:38.082 thr-401485] Wait Counts 363827 0 380495 91504 436430 0 390140 61306 
[18:41:38.082 thr-401485] We are going into epoch 17
[18:41:38.082 thr-401485] Using EpochTxnSet 0x55d4456729e8
[18:41:38.082 thr-401485] Send StartPhase nr_ent 0
[18:41:38.082 thr-401485] Done Sending Start Phase
[18:41:38.085 thr-401489] Flushing buffer plan
[18:41:38.085 thr-401489] Done Flushing buffer plan on 1
[18:41:38.090 thr-401486] Insert 7ms
[18:41:38.090 thr-401486] GC:  22106(436)=25284K 16646(328)=19810K 24217(475)=27398K 20113(395)=23344K 24703(487)=27737K 19441(381)=22606K 23635(464)=26628K 19689(388)=22824K
[18:41:38.090 thr-401486] Send StartPhase nr_ent 0
[18:41:38.090 thr-401486] Done Sending Start Phase
[18:41:38.115 thr-401491] Flushing buffer plan
[18:41:38.115 thr-401491] Done Flushing buffer plan on 1
[18:41:38.116 thr-401491] Initialization 25ms
[18:41:38.116 thr-401491] OnDemand 0 Splitted/Batch 0/0 rows
[18:41:38.116 thr-401491] Send StartPhase nr_ent 0
[18:41:38.116 thr-401491] Done Sending Start Phase
[18:41:38.119 thr-401484] Flushing buffer plan
[18:41:38.119 thr-401484] Done Flushing buffer plan on 1
[18:41:38.160 thr-401491] Execution 43ms
[18:41:38.160 thr-401491] Wait Counts 339747 3053 336848 74347 375594 0 338079 132401 
[18:41:38.160 thr-401491] We are going into epoch 18
[18:41:38.160 thr-401491] Using EpochTxnSet 0x55d445672ae8
[18:41:38.160 thr-401491] Send StartPhase nr_ent 0
[18:41:38.160 thr-401491] Done Sending Start Phase
[18:41:38.162 thr-401489] Flushing buffer plan
[18:41:38.162 thr-401489] Done Flushing buffer plan on 1
[18:41:38.168 thr-401490] Insert 7ms
[18:41:38.168 thr-401490] GC:  21939(434)=25091K 17101(337)=20216K 24377(478)=27389K 20103(394)=23211K 24592(485)=27614K 19354(379)=22487K 23686(466)=26829K 19293(381)=22490K
[18:41:38.168 thr-401490] Send StartPhase nr_ent 0
[18:41:38.168 thr-401490] Done Sending Start Phase
[18:41:38.193 thr-401485] Flushing buffer plan
[18:41:38.193 thr-401485] Done Flushing buffer plan on 1
[18:41:38.193 thr-401485] Initialization 25ms
[18:41:38.193 thr-401485] OnDemand 0 Splitted/Batch 0/0 rows
[18:41:38.193 thr-401485] Send StartPhase nr_ent 0
[18:41:38.193 thr-401485] Done Sending Start Phase
[18:41:38.197 thr-401488] Flushing buffer plan
[18:41:38.197 thr-401488] Done Flushing buffer plan on 1
[18:41:38.237 thr-401489] Execution 44ms
[18:41:38.237 thr-401489] Wait Counts 358908 0 349659 76062 421073 0 340310 104477 
[18:41:38.237 thr-401489] We are going into epoch 19
[18:41:38.238 thr-401489] Using EpochTxnSet 0x55d445672be8
[18:41:38.238 thr-401489] Send StartPhase nr_ent 0
[18:41:38.238 thr-401489] Done Sending Start Phase
[18:41:38.240 thr-401487] Flushing buffer plan
[18:41:38.240 thr-401487] Done Flushing buffer plan on 1
[18:41:38.245 thr-401487] Insert 7ms
[18:41:38.245 thr-401487] GC:  22640(446)=25770K 16605(329)=19712K 24107(473)=27235K 19419(380)=22613K 24713(487)=27698K 20023(394)=23156K 23655(463)=26804K 19427(381)=22710K
[18:41:38.245 thr-401487] Send StartPhase nr_ent 0
[18:41:38.245 thr-401487] Done Sending Start Phase
[18:41:38.270 thr-401489] Flushing buffer plan
[18:41:38.270 thr-401489] Done Flushing buffer plan on 1
[18:41:38.271 thr-401489] Initialization 25ms
[18:41:38.271 thr-401489] OnDemand 0 Splitted/Batch 0/1 rows
[18:41:38.271 thr-401489] Send StartPhase nr_ent 0
[18:41:38.271 thr-401489] Done Sending Start Phase
[18:41:38.274 thr-401487] Flushing buffer plan
[18:41:38.274 thr-401487] Done Flushing buffer plan on 1
[18:41:38.315 thr-401489] Execution 44ms
[18:41:38.315 thr-401489] Wait Counts 384543 0 392826 107272 464193 10176 385905 81765 
[18:41:38.315 thr-401489] We are going into epoch 20
[18:41:38.315 thr-401489] Using EpochTxnSet 0x55d445672ce8
[18:41:38.315 thr-401489] Send StartPhase nr_ent 0
[18:41:38.315 thr-401489] Done Sending Start Phase
[18:41:38.317 thr-401487] Flushing buffer plan
[18:41:38.317 thr-401487] Done Flushing buffer plan on 1
[18:41:38.323 thr-401491] Insert 7ms
[18:41:38.323 thr-401491] GC:  22501(441)=25581K 16459(324)=19605K 23926(469)=26969K 19501(384)=22635K 24730(487)=27852K 20246(399)=23283K 23794(469)=26896K 19329(378)=22481K
[18:41:38.323 thr-401491] Send StartPhase nr_ent 0
[18:41:38.323 thr-401491] Done Sending Start Phase
[18:41:38.348 thr-401485] Flushing buffer plan
[18:41:38.348 thr-401485] Done Flushing buffer plan on 1
[18:41:38.348 thr-401485] Initialization 25ms
[18:41:38.349 thr-401485] OnDemand 0 Splitted/Batch 0/0 rows
[18:41:38.349 thr-401485] Send StartPhase nr_ent 0
[18:41:38.349 thr-401485] Done Sending Start Phase
[18:41:38.352 thr-401491] Flushing buffer plan
[18:41:38.352 thr-401491] Done Flushing buffer plan on 1
[18:41:38.393 thr-401485] Execution 44ms
[18:41:38.393 thr-401485] Wait Counts 390941 7166 391401 50410 416415 0 338514 69142 
[18:41:38.393 thr-401485] We are going into epoch 21
[18:41:38.393 thr-401485] Using EpochTxnSet 0x55d445672de8
[18:41:38.393 thr-401485] Send StartPhase nr_ent 0
[18:41:38.393 thr-401485] Done Sending Start Phase
[18:41:38.395 thr-401489] Flushing buffer plan
[18:41:38.395 thr-401489] Done Flushing buffer plan on 1
[18:41:38.401 thr-401485] Insert 7ms
[18:41:38.401 thr-401485] GC:  22875(448)=25908K 16501(323)=19689K 24704(485)=27735K 19344(380)=22491K 25105(494)=28204K 18780(370)=21949K 24394(477)=27378K 19102(374)=22220K
[18:41:38.401 thr-401485] Send StartPhase nr_ent 0
[18:41:38.401 thr-401485] Done Sending Start Phase
[18:41:38.426 thr-401489] Flushing buffer plan
[18:41:38.426 thr-401489] Done Flushing buffer plan on 1
[18:41:38.426 thr-401489] Initialization 25ms
[18:41:38.426 thr-401489] OnDemand 0 Splitted/Batch 0/0 rows
[18:41:38.426 thr-401489] Send StartPhase nr_ent 0
[18:41:38.426 thr-401489] Done Sending Start Phase
[18:41:38.430 thr-401485] Flushing buffer plan
[18:41:38.430 thr-401485] Done Flushing buffer plan on 1
[18:41:38.471 thr-401485] Execution 44ms
[18:41:38.471 thr-401485] Wait Counts 410959 0 330737 43639 403690 7607 367632 64191 
[18:41:38.471 thr-401485] We are going into epoch 22
[18:41:38.471 thr-401485] Using EpochTxnSet 0x55d445672ee8
[18:41:38.471 thr-401485] Send StartPhase nr_ent 0
[18:41:38.471 thr-401485] Done Sending Start Phase
[18:41:38.473 thr-401489] Flushing buffer plan
[18:41:38.473 thr-401489] Done Flushing buffer plan on 1
[18:41:38.478 thr-401485] Insert 7ms
[18:41:38.479 thr-401485] GC:  22470(442)=25478K 16754(329)=19987K 24125(473)=27340K 19669(385)=22795K 25040(494)=28120K 19070(374)=22324K 23854(468)=27016K 19573(387)=22758K
[18:41:38.479 thr-401485] Send StartPhase nr_ent 0
[18:41:38.479 thr-401485] Done Sending Start Phase
[18:41:38.504 thr-401485] Flushing buffer plan
[18:41:38.504 thr-401485] Done Flushing buffer plan on 1
[18:41:38.504 thr-401485] Initialization 25ms
[18:41:38.504 thr-401485] OnDemand 0 Splitted/Batch 0/0 rows
[18:41:38.504 thr-401485] Send StartPhase nr_ent 0
[18:41:38.504 thr-401485] Done Sending Start Phase
[18:41:38.508 thr-401487] Flushing buffer plan
[18:41:38.508 thr-401487] Done Flushing buffer plan on 1
[18:41:38.549 thr-401485] Execution 45ms
[18:41:38.549 thr-401485] Wait Counts 377675 0 385534 103600 438850 29362 396580 121253 
[18:41:38.549 thr-401485] We are going into epoch 23
[18:41:38.549 thr-401485] Using EpochTxnSet 0x55d445672fe8
[18:41:38.549 thr-401485] Send StartPhase nr_ent 0
[18:41:38.549 thr-401485] Done Sending Start Phase
[18:41:38.551 thr-401489] Flushing buffer plan
[18:41:38.551 thr-401489] Done Flushing buffer plan on 1
[18:41:38.557 thr-401487] Insert 7ms
[18:41:38.557 thr-401487] GC:  22051(433)=25015K 16740(329)=19952K 23993(473)=27074K 19785(388)=22976K 24940(489)=27911K 19388(382)=22515K 24027(471)=27033K 19517(385)=22626K
[18:41:38.557 thr-401487] Send StartPhase nr_ent 0
[18:41:38.557 thr-401487] Done Sending Start Phase
[18:41:38.582 thr-401485] Flushing buffer plan
[18:41:38.582 thr-401485] Done Flushing buffer plan on 1
[18:41:38.583 thr-401485] Initialization 25ms
[18:41:38.583 thr-401485] OnDemand 0 Splitted/Batch 0/0 rows
[18:41:38.583 thr-401485] Send StartPhase nr_ent 0
[18:41:38.583 thr-401485] Done Sending Start Phase
[18:41:38.586 thr-401487] Flushing buffer plan
[18:41:38.586 thr-401487] Done Flushing buffer plan on 1
[18:41:38.628 thr-401491] Execution 44ms
[18:41:38.628 thr-401491] Wait Counts 400430 8502 417488 41519 419590 0 392150 115344 
[18:41:38.628 thr-401491] We are going into epoch 24
[18:41:38.628 thr-401491] Using EpochTxnSet 0x55d4456730e8
[18:41:38.628 thr-401491] Send StartPhase nr_ent 0
[18:41:38.628 thr-401491] Done Sending Start Phase
[18:41:38.630 thr-401489] Flushing buffer plan
[18:41:38.630 thr-401489] Done Flushing buffer plan on 1
[18:41:38.635 thr-401485] Insert 7ms
[18:41:38.635 thr-401485] GC:  22851(450)=26064K 16114(317)=19176K 24451(482)=27505K 19305(380)=22394K 25525(501)=28552K 18739(367)=21846K 24841(490)=27948K 18662(367)=21827K
[18:41:38.635 thr-401485] Send StartPhase nr_ent 0
[18:41:38.635 thr-401485] Done Sending Start Phase
[18:41:38.660 thr-401489] Flushing buffer plan
[18:41:38.660 thr-401489] Done Flushing buffer plan on 1
[18:41:38.661 thr-401489] Initialization 25ms
[18:41:38.661 thr-401489] OnDemand 0 Splitted/Batch 0/0 rows
[18:41:38.661 thr-401489] Send StartPhase nr_ent 0
[18:41:38.661 thr-401489] Done Sending Start Phase
[18:41:38.664 thr-401491] Flushing buffer plan
[18:41:38.664 thr-401491] Done Flushing buffer plan on 1
[18:41:38.706 thr-401485] Execution 44ms
[18:41:38.706 thr-401485] Wait Counts 349642 4777 365915 53140 430444 10273 381658 58322 
[18:41:38.706 thr-401485] We are going into epoch 25
[18:41:38.706 thr-401485] Using EpochTxnSet 0x55d4456731e8
[18:41:38.706 thr-401485] Send StartPhase nr_ent 0
[18:41:38.706 thr-401485] Done Sending Start Phase
[18:41:38.708 thr-401491] Flushing buffer plan
[18:41:38.708 thr-401491] Done Flushing buffer plan on 1
[18:41:38.714 thr-401489] Insert 7ms
[18:41:38.714 thr-401489] GC:  22390(439)=25544K 16722(331)=19854K 24129(475)=27293K 19989(393)=23092K 24957(490)=28030K 19559(384)=22684K 23921(469)=27004K 19003(373)=22163K
[18:41:38.714 thr-401489] Send StartPhase nr_ent 0
[18:41:38.714 thr-401489] Done Sending Start Phase
[18:41:38.739 thr-401485] Flushing buffer plan
[18:41:38.739 thr-401485] Done Flushing buffer plan on 1
[18:41:38.739 thr-401485] Initialization 25ms
[18:41:38.739 thr-401485] OnDemand 0 Splitted/Batch 0/0 rows
[18:41:38.739 thr-401485] Send StartPhase nr_ent 0
[18:41:38.739 thr-401485] Done Sending Start Phase
[18:41:38.742 thr-401487] Flushing buffer plan
[18:41:38.742 thr-401487] Done Flushing buffer plan on 1
[18:41:38.784 thr-401485] Execution 44ms
[18:41:38.784 thr-401485] Wait Counts 365219 9788 347711 45967 422974 0 376774 82572 
[18:41:38.784 thr-401485] We are going into epoch 26
[18:41:38.784 thr-401485] Using EpochTxnSet 0x55d4456732e8
[18:41:38.784 thr-401485] Send StartPhase nr_ent 0
[18:41:38.784 thr-401485] Done Sending Start Phase
[18:41:38.786 thr-401487] Flushing buffer plan
[18:41:38.786 thr-401487] Done Flushing buffer plan on 1
[18:41:38.792 thr-401491] Insert 7ms
[18:41:38.792 thr-401491] GC:  22934(452)=25988K 16296(320)=19526K 24485(479)=27579K 19031(373)=22112K 25245(496)=28268K 19127(375)=22267K 24480(480)=27644K 19078(375)=22236K
[18:41:38.792 thr-401491] Send StartPhase nr_ent 0
[18:41:38.792 thr-401491] Done Sending Start Phase
[18:41:38.817 thr-401489] Flushing buffer plan
[18:41:38.817 thr-401489] Done Flushing buffer plan on 1
[18:41:38.817 thr-401489] Initialization 25ms
[18:41:38.817 thr-401489] OnDemand 0 Splitted/Batch 0/0 rows
[18:41:38.817 thr-401489] Send StartPhase nr_ent 0
[18:41:38.817 thr-401489] Done Sending Start Phase
[18:41:38.821 thr-401487] Flushing buffer plan
[18:41:38.821 thr-401487] Done Flushing buffer plan on 1
[18:41:38.862 thr-401485] Execution 45ms
[18:41:38.862 thr-401485] Wait Counts 386016 0 398374 88534 444158 25106 370657 87880 
[18:41:38.862 thr-401485] We are going into epoch 27
[18:41:38.862 thr-401485] Using EpochTxnSet 0x55d4456733e8
[18:41:38.862 thr-401485] Send StartPhase nr_ent 0
[18:41:38.862 thr-401485] Done Sending Start Phase
[18:41:38.864 thr-401489] Flushing buffer plan
[18:41:38.864 thr-401489] Done Flushing buffer plan on 1
[18:41:38.870 thr-401488] Insert 7ms
[18:41:38.870 thr-401488] GC:  22315(439)=25358K 16823(329)=19970K 23925(471)=27036K 20220(397)=23468K 24871(490)=27900K 19286(378)=22363K 23538(464)=26576K 19663(386)=22793K
[18:41:38.870 thr-401488] Send StartPhase nr_ent 0
[18:41:38.870 thr-401488] Done Sending Start Phase
[18:41:38.895 thr-401489] Flushing buffer plan
[18:41:38.895 thr-401489] Done Flushing buffer plan on 1
[18:41:38.896 thr-401489] Initialization 25ms
[18:41:38.896 thr-401489] OnDemand 0 Splitted/Batch 0/0 rows
[18:41:38.896 thr-401489] Send StartPhase nr_ent 0
[18:41:38.896 thr-401489] Done Sending Start Phase
[18:41:38.899 thr-401491] Flushing buffer plan
[18:41:38.899 thr-401491] Done Flushing buffer plan on 1
[18:41:38.941 thr-401485] Execution 45ms
[18:41:38.941 thr-401485] Wait Counts 417048 0 377455 27042 393559 15884 371230 63033 
[18:41:38.941 thr-401485] We are going into epoch 28
[18:41:38.941 thr-401485] Using EpochTxnSet 0x55d4456734e8
[18:41:38.941 thr-401485] Send StartPhase nr_ent 0
[18:41:38.941 thr-401485] Done Sending Start Phase
[18:41:38.943 thr-401489] Flushing buffer plan
[18:41:38.943 thr-401489] Done Flushing buffer plan on 1
[18:41:38.951 thr-401485] Insert 10ms
[18:41:38.951 thr-401485] GC:  23225(455)=26306K 13512(266)=16668K 25991(511)=29071K 19553(384)=22575K 26236(516)=29251K 18531(365)=21689K 25318(497)=28468K 18399(360)=21525K
[18:41:38.952 thr-401485] Send StartPhase nr_ent 0
[18:41:38.952 thr-401485] Done Sending Start Phase
[18:41:39.010 thr-401489] Flushing buffer plan
[18:41:39.010 thr-401489] Done Flushing buffer plan on 1
[18:41:39.011 thr-401489] Initialization 60ms
[18:41:39.011 thr-401489] OnDemand 0 Splitted/Batch 0/0 rows
[18:41:39.011 thr-401489] Send StartPhase nr_ent 0
[18:41:39.011 thr-401489] Done Sending Start Phase
[18:41:39.014 thr-401485] Flushing buffer plan
[18:41:39.014 thr-401485] Done Flushing buffer plan on 1
[18:41:39.056 thr-401485] Execution 45ms
[18:41:39.056 thr-401485] Wait Counts 401136 0 381160 85064 443901 24646 393558 83203 
[18:41:39.056 thr-401485] We are going into epoch 29
[18:41:39.056 thr-401485] Using EpochTxnSet 0x55d4456735e8
[18:41:39.056 thr-401485] Send StartPhase nr_ent 0
[18:41:39.056 thr-401485] Done Sending Start Phase
[18:41:39.058 thr-401489] Flushing buffer plan
[18:41:39.058 thr-401489] Done Flushing buffer plan on 1
[18:41:39.066 thr-401484] Insert 9ms
[18:41:39.066 thr-401484] GC:  22513(442)=25495K 17599(345)=20740K 24237(477)=27374K 20133(396)=23300K 24608(483)=27710K 18640(366)=21765K 23299(457)=26575K 19594(386)=22715K
[18:41:39.066 thr-401484] Send StartPhase nr_ent 0
[18:41:39.066 thr-401484] Done Sending Start Phase
[18:41:39.092 thr-401489] Flushing buffer plan
[18:41:39.092 thr-401489] Done Flushing buffer plan on 1
[18:41:39.092 thr-401489] Initialization 26ms
[18:41:39.092 thr-401489] OnDemand 0 Splitted/Batch 0/0 rows
[18:41:39.092 thr-401489] Send StartPhase nr_ent 0
[18:41:39.092 thr-401489] Done Sending Start Phase
[18:41:39.096 thr-401487] Flushing buffer plan
[18:41:39.096 thr-401487] Done Flushing buffer plan on 1
[18:41:39.138 thr-401485] Execution 45ms
[18:41:39.138 thr-401485] Wait Counts 398534 0 403660 72847 455732 33990 427624 115500 
[18:41:39.138 thr-401485] We are going into epoch 30
[18:41:39.138 thr-401485] Using EpochTxnSet 0x55d4456736e8
[18:41:39.138 thr-401485] Send StartPhase nr_ent 0
[18:41:39.138 thr-401485] Done Sending Start Phase
[18:41:39.140 thr-401487] Flushing buffer plan
[18:41:39.140 thr-401487] Done Flushing buffer plan on 1
[18:41:39.146 thr-401491] Insert 8ms
[18:41:39.146 thr-401491] GC:  22243(436)=25403K 16956(334)=20170K 24095(473)=27182K 19461(382)=22600K 24701(486)=27794K 19974(391)=23040K 23658(464)=26805K 19693(386)=22819K
[18:41:39.146 thr-401491] Send StartPhase nr_ent 0
[18:41:39.146 thr-401491] Done Sending Start Phase
[18:41:39.171 thr-401489] Flushing buffer plan
[18:41:39.171 thr-401489] Done Flushing buffer plan on 1
[18:41:39.172 thr-401489] Initialization 25ms
[18:41:39.172 thr-401489] OnDemand 0 Splitted/Batch 0/1 rows
[18:41:39.172 thr-401489] Send StartPhase nr_ent 0
[18:41:39.172 thr-401489] Done Sending Start Phase
[18:41:39.175 thr-401486] Flushing buffer plan
[18:41:39.175 thr-401486] Done Flushing buffer plan on 1
[18:41:39.217 thr-401485] Execution 45ms
[18:41:39.218 thr-401485] Wait Counts 385287 0 367176 71450 390915 28403 413592 61053 
[18:41:39.218 thr-401485] We are going into epoch 31
[18:41:39.218 thr-401485] Using EpochTxnSet 0x55d4456737e8
[18:41:39.218 thr-401485] Send StartPhase nr_ent 0
[18:41:39.218 thr-401485] Done Sending Start Phase
[18:41:39.219 thr-401487] Flushing buffer plan
[18:41:39.220 thr-401487] Done Flushing buffer plan on 1
[18:41:39.226 thr-401491] Insert 8ms
[18:41:39.226 thr-401491] GC:  22498(441)=25674K 16785(330)=19899K 23820(469)=26891K 19648(388)=22770K 24659(484)=27632K 19926(391)=23024K 23712(468)=26869K 19568(384)=22697K
[18:41:39.226 thr-401491] Send StartPhase nr_ent 0
[18:41:39.226 thr-401491] Done Sending Start Phase
[18:41:39.251 thr-401489] Flushing buffer plan
[18:41:39.251 thr-401489] Done Flushing buffer plan on 1
[18:41:39.251 thr-401489] Initialization 25ms
[18:41:39.251 thr-401489] OnDemand 0 Splitted/Batch 0/0 rows
[18:41:39.251 thr-401489] Send StartPhase nr_ent 0
[18:41:39.251 thr-401489] Done Sending Start Phase
[18:41:39.255 thr-401486] Flushing buffer plan
[18:41:39.255 thr-401486] Done Flushing buffer plan on 1
[18:41:39.297 thr-401485] Execution 45ms
[18:41:39.297 thr-401485] Wait Counts 367574 0 323149 35987 395233 13150 364191 60733 
[18:41:39.297 thr-401485] We are going into epoch 32
[18:41:39.297 thr-401485] Using EpochTxnSet 0x55d4456738e8
[18:41:39.297 thr-401485] Send StartPhase nr_ent 0
[18:41:39.297 thr-401485] Done Sending Start Phase
[18:41:39.299 thr-401487] Flushing buffer plan
[18:41:39.299 thr-401487] Done Flushing buffer plan on 1
[18:41:39.305 thr-401487] Insert 8ms
[18:41:39.305 thr-401487] GC:  22248(437)=25430K 16717(329)=19986K 23907(471)=27042K 19496(383)=22604K 24712(486)=27752K 20076(396)=23274K 23794(471)=26809K 19408(381)=22637K
[18:41:39.305 thr-401487] Send StartPhase nr_ent 0
[18:41:39.305 thr-401487] Done Sending Start Phase
[18:41:39.330 thr-401489] Flushing buffer plan
[18:41:39.330 thr-401489] Done Flushing buffer plan on 1
[18:41:39.330 thr-401489] Initialization 25ms
[18:41:39.330 thr-401489] OnDemand 0 Splitted/Batch 0/0 rows
[18:41:39.330 thr-401489] Send StartPhase nr_ent 0
[18:41:39.330 thr-401489] Done Sending Start Phase
[18:41:39.334 thr-401491] Flushing buffer plan
[18:41:39.334 thr-401491] Done Flushing buffer plan on 1
[18:41:39.376 thr-401485] Execution 45ms
[18:41:39.376 thr-401485] Wait Counts 422751 0 398750 57853 438822 32362 403369 79576 
[18:41:39.376 thr-401485] We are going into epoch 33
[18:41:39.376 thr-401485] Using EpochTxnSet 0x55d4456739e8
[18:41:39.376 thr-401485] Send StartPhase nr_ent 0
[18:41:39.376 thr-401485] Done Sending Start Phase
[18:41:39.378 thr-401489] Flushing buffer plan
[18:41:39.378 thr-401489] Done Flushing buffer plan on 1
[18:41:39.384 thr-401489] Insert 7ms
[18:41:39.384 thr-401489] GC:  23014(454)=26158K 16311(321)=19455K 24903(489)=27961K 19314(380)=22406K 25014(492)=28077K 18518(365)=21666K 24397(482)=27515K 18848(370)=21979K
[18:41:39.384 thr-401489] Send StartPhase nr_ent 0
[18:41:39.384 thr-401489] Done Sending Start Phase
[18:41:39.408 thr-401491] Flushing buffer plan
[18:41:39.408 thr-401491] Done Flushing buffer plan on 1
[18:41:39.408 thr-401491] Initialization 24ms
[18:41:39.408 thr-401491] OnDemand 0 Splitted/Batch 0/0 rows
[18:41:39.408 thr-401491] Send StartPhase nr_ent 0
[18:41:39.408 thr-401491] Done Sending Start Phase
[18:41:39.412 thr-401484] Flushing buffer plan
[18:41:39.412 thr-401484] Done Flushing buffer plan on 1
[18:41:39.454 thr-401485] Execution 45ms
[18:41:39.454 thr-401485] Wait Counts 419333 0 368880 54934 432266 16811 367198 105406 
[18:41:39.454 thr-401485] We are going into epoch 34
[18:41:39.454 thr-401485] Using EpochTxnSet 0x55d445673ae8
[18:41:39.454 thr-401485] Send StartPhase nr_ent 0
[18:41:39.454 thr-401485] Done Sending Start Phase
[18:41:39.456 thr-401489] Flushing buffer plan
[18:41:39.456 thr-401489] Done Flushing buffer plan on 1
[18:41:39.462 thr-401487] Insert 7ms
[18:41:39.462 thr-401487] GC:  22382(440)=25525K 16798(330)=19960K 24279(479)=27340K 19676(386)=22751K 24855(487)=27889K 19192(378)=22348K 23929(470)=26957K 19519(384)=22632K
[18:41:39.462 thr-401487] Send StartPhase nr_ent 0
[18:41:39.462 thr-401487] Done Sending Start Phase
[18:41:39.487 thr-401487] Flushing buffer plan
[18:41:39.487 thr-401487] Done Flushing buffer plan on 1
[18:41:39.488 thr-401487] Initialization 25ms
[18:41:39.488 thr-401487] OnDemand 0 Splitted/Batch 0/0 rows
[18:41:39.488 thr-401487] Send StartPhase nr_ent 0
[18:41:39.488 thr-401487] Done Sending Start Phase
[18:41:39.491 thr-401491] Flushing buffer plan
[18:41:39.491 thr-401491] Done Flushing buffer plan on 1
[18:41:39.534 thr-401489] Execution 45ms
[18:41:39.534 thr-401489] Wait Counts 379150 4363 372893 54655 419162 0 384331 51252 
[18:41:39.534 thr-401489] We are going into epoch 35
[18:41:39.534 thr-401489] Using EpochTxnSet 0x55d445673be8
[18:41:39.534 thr-401489] Send StartPhase nr_ent 0
[18:41:39.534 thr-401489] Done Sending Start Phase
[18:41:39.536 thr-401487] Flushing buffer plan
[18:41:39.536 thr-401487] Done Flushing buffer plan on 1
[18:41:39.542 thr-401487] Insert 7ms
[18:41:39.542 thr-401487] GC:  22346(440)=25377K 16829(331)=20019K 24142(476)=27375K 19255(380)=22376K 24713(485)=27854K 20179(394)=23282K 23660(465)=26707K 19310(380)=22438K
[18:41:39.542 thr-401487] Send StartPhase nr_ent 0
[18:41:39.542 thr-401487] Done Sending Start Phase
[18:41:39.567 thr-401489] Flushing buffer plan
[18:41:39.567 thr-401489] Done Flushing buffer plan on 1
[18:41:39.567 thr-401489] Initialization 25ms
[18:41:39.567 thr-401489] OnDemand 0 Splitted/Batch 0/0 rows
[18:41:39.567 thr-401489] Send StartPhase nr_ent 0
[18:41:39.567 thr-401489] Done Sending Start Phase
[18:41:39.570 thr-401491] Flushing buffer plan
[18:41:39.571 thr-401491] Done Flushing buffer plan on 1
[18:41:39.613 thr-401485] Execution 45ms
[18:41:39.613 thr-401485] Wait Counts 435960 0 359280 63457 462796 31595 396766 79343 
[18:41:39.613 thr-401485] We are going into epoch 36
[18:41:39.613 thr-401485] Using EpochTxnSet 0x55d445673ce8
[18:41:39.613 thr-401485] Send StartPhase nr_ent 0
[18:41:39.613 thr-401485] Done Sending Start Phase
[18:41:39.615 thr-401489] Flushing buffer plan
[18:41:39.615 thr-401489] Done Flushing buffer plan on 1
[18:41:39.621 thr-401486] Insert 7ms
[18:41:39.621 thr-401486] GC:  23178(455)=26304K 16653(327)=19812K 24239(476)=27326K 19352(382)=22594K 24838(487)=27969K 18794(371)=21916K 24219(477)=27284K 19038(376)=22272K
[18:41:39.621 thr-401486] Send StartPhase nr_ent 0
[18:41:39.621 thr-401486] Done Sending Start Phase
[18:41:39.646 thr-401489] Flushing buffer plan
[18:41:39.646 thr-401489] Done Flushing buffer plan on 1
[18:41:39.646 thr-401489] Initialization 24ms
[18:41:39.646 thr-401489] OnDemand 0 Splitted/Batch 0/0 rows
[18:41:39.646 thr-401489] Send StartPhase nr_ent 0
[18:41:39.646 thr-401489] Done Sending Start Phase
[18:41:39.649 thr-401485] Flushing buffer plan
[18:41:39.649 thr-401485] Done Flushing buffer plan on 1
[18:41:39.692 thr-401485] Execution 45ms
[18:41:39.692 thr-401485] Wait Counts 387729 0 388771 47634 452643 27863 417650 83170 
[18:41:39.692 thr-401485] We are going into epoch 37
[18:41:39.692 thr-401485] Using EpochTxnSet 0x55d445673de8
[18:41:39.692 thr-401485] Send StartPhase nr_ent 0
[18:41:39.692 thr-401485] Done Sending Start Phase
[18:41:39.694 thr-401489] Flushing buffer plan
[18:41:39.694 thr-401489] Done Flushing buffer plan on 1
[18:41:39.700 thr-401488] Insert 8ms
[18:41:39.700 thr-401488] GC:  22764(449)=25868K 16754(329)=19902K 24185(477)=27274K 19692(386)=22858K 24751(486)=27884K 19223(377)=22402K 24093(472)=27176K 19261(378)=22453K
[18:41:39.700 thr-401488] Send StartPhase nr_ent 0
[18:41:39.700 thr-401488] Done Sending Start Phase
[18:41:39.725 thr-401489] Flushing buffer plan
[18:41:39.725 thr-401489] Done Flushing buffer plan on 1
[18:41:39.725 thr-401489] Initialization 25ms
[18:41:39.725 thr-401489] OnDemand 0 Splitted/Batch 0/0 rows
[18:41:39.725 thr-401489] Send StartPhase nr_ent 0
[18:41:39.725 thr-401489] Done Sending Start Phase
[18:41:39.729 thr-401487] Flushing buffer plan
[18:41:39.729 thr-401487] Done Flushing buffer plan on 1
[18:41:39.771 thr-401485] Execution 45ms
[18:41:39.771 thr-401485] Wait Counts 395475 0 372174 32747 407951 30034 378890 101524 
[18:41:39.771 thr-401485] We are going into epoch 38
[18:41:39.771 thr-401485] Using EpochTxnSet 0x55d445673ee8
[18:41:39.771 thr-401485] Send StartPhase nr_ent 0
[18:41:39.771 thr-401485] Done Sending Start Phase
[18:41:39.773 thr-401489] Flushing buffer plan
[18:41:39.773 thr-401489] Done Flushing buffer plan on 1
[18:41:39.779 thr-401484] Insert 7ms
[18:41:39.779 thr-401484] GC:  23207(459)=26353K 16668(327)=19779K 24305(480)=27412K 19141(377)=22298K 25187(495)=28267K 18791(371)=22001K 24227(475)=27221K 18845(370)=22045K
[18:41:39.779 thr-401484] Send StartPhase nr_ent 0
[18:41:39.779 thr-401484] Done Sending Start Phase
[18:41:39.804 thr-401489] Flushing buffer plan
[18:41:39.804 thr-401489] Done Flushing buffer plan on 1
[18:41:39.805 thr-401489] Initialization 25ms
[18:41:39.805 thr-401489] OnDemand 0 Splitted/Batch 0/0 rows
[18:41:39.805 thr-401489] Send StartPhase nr_ent 0
[18:41:39.805 thr-401489] Done Sending Start Phase
[18:41:39.808 thr-401487] Flushing buffer plan
[18:41:39.808 thr-401487] Done Flushing buffer plan on 1
[18:41:39.851 thr-401485] Execution 46ms
[18:41:39.851 thr-401485] Wait Counts 352564 0 339753 19596 414501 13935 386463 76221 
[18:41:39.851 thr-401485] We are going into epoch 39
[18:41:39.851 thr-401485] Using EpochTxnSet 0x55d445673fe8
[18:41:39.851 thr-401485] Send StartPhase nr_ent 0
[18:41:39.851 thr-401485] Done Sending Start Phase
[18:41:39.853 thr-401487] Flushing buffer plan
[18:41:39.853 thr-401487] Done Flushing buffer plan on 1
[18:41:39.859 thr-401485] Insert 7ms
[18:41:39.859 thr-401485] GC:  23211(456)=26418K 16404(322)=19588K 24931(491)=27994K 18849(371)=21926K 25193(492)=28248K 18974(373)=22010K 24439(479)=27499K 18853(368)=21984K
[18:41:39.859 thr-401485] Send StartPhase nr_ent 0
[18:41:39.859 thr-401485] Done Sending Start Phase
[18:41:39.883 thr-401489] Flushing buffer plan
[18:41:39.883 thr-401489] Done Flushing buffer plan on 1
[18:41:39.884 thr-401489] Initialization 24ms
[18:41:39.884 thr-401489] OnDemand 0 Splitted/Batch 0/0 rows
[18:41:39.884 thr-401489] Send StartPhase nr_ent 0
[18:41:39.884 thr-401489] Done Sending Start Phase
[18:41:39.887 thr-401491] Flushing buffer plan
[18:41:39.887 thr-401491] Done Flushing buffer plan on 1
[18:41:39.930 thr-401485] Execution 46ms
[18:41:39.930 thr-401485] Wait Counts 417914 0 397413 58790 426592 20668 388126 56435 
[18:41:39.930 thr-401485] We are going into epoch 40
[18:41:39.930 thr-401485] Using EpochTxnSet 0x55d4456740e8
[18:41:39.930 thr-401485] Send StartPhase nr_ent 0
[18:41:39.930 thr-401485] Done Sending Start Phase
[18:41:39.932 thr-401489] Flushing buffer plan
[18:41:39.932 thr-401489] Done Flushing buffer plan on 1
[18:41:39.938 thr-401487] Insert 8ms
[18:41:39.938 thr-401487] GC:  23036(454)=26171K 16629(327)=19790K 24243(478)=27242K 19376(381)=22547K 25005(493)=28147K 18781(368)=21923K 24306(479)=27481K 18891(372)=22066K
[18:41:39.938 thr-401487] Send StartPhase nr_ent 0
[18:41:39.938 thr-401487] Done Sending Start Phase
[18:41:39.963 thr-401489] Flushing buffer plan
[18:41:39.963 thr-401489] Done Flushing buffer plan on 1
[18:41:39.963 thr-401489] Initialization 25ms
[18:41:39.963 thr-401489] OnDemand 0 Splitted/Batch 0/0 rows
[18:41:39.963 thr-401489] Send StartPhase nr_ent 0
[18:41:39.963 thr-401489] Done Sending Start Phase
[18:41:39.967 thr-401487] Flushing buffer plan
[18:41:39.967 thr-401487] Done Flushing buffer plan on 1
[18:41:40.010 thr-401485] Execution 47ms
[18:41:40.010 thr-401485] Wait Counts 439515 0 408936 67736 441586 19212 433348 79139 
[18:41:40.010 thr-401485] We are going into epoch 41
[18:41:40.010 thr-401485] Using EpochTxnSet 0x55d4456741e8
[18:41:40.010 thr-401485] Send StartPhase nr_ent 0
[18:41:40.010 thr-401485] Done Sending Start Phase
[18:41:40.012 thr-401489] Flushing buffer plan
[18:41:40.012 thr-401489] Done Flushing buffer plan on 1
[18:41:40.018 thr-401487] Insert 8ms
[18:41:40.018 thr-401487] GC:  22528(444)=25663K 16980(335)=20081K 24091(472)=27157K 19774(387)=22825K 24868(491)=27970K 19115(377)=22293K 23887(468)=26945K 19310(379)=22468K
[18:41:40.018 thr-401487] Send StartPhase nr_ent 0
[18:41:40.018 thr-401487] Done Sending Start Phase
[18:41:40.042 thr-401489] Flushing buffer plan
[18:41:40.042 thr-401489] Done Flushing buffer plan on 1
[18:41:40.043 thr-401489] Initialization 24ms
[18:41:40.043 thr-401489] OnDemand 0 Splitted/Batch 0/0 rows
[18:41:40.043 thr-401489] Send StartPhase nr_ent 0
[18:41:40.043 thr-401489] Done Sending Start Phase
[18:41:40.046 thr-401487] Flushing buffer plan
[18:41:40.046 thr-401487] Done Flushing buffer plan on 1
[18:41:40.089 thr-401485] Execution 46ms
[18:41:40.089 thr-401485] Wait Counts 388303 0 388751 66634 451103 32133 397471 99339 
[18:41:40.089 thr-401485] We are going into epoch 42
[18:41:40.089 thr-401485] Using EpochTxnSet 0x55d4456742e8
[18:41:40.089 thr-401485] Send StartPhase nr_ent 0
[18:41:40.089 thr-401485] Done Sending Start Phase
[18:41:40.091 thr-401487] Flushing buffer plan
[18:41:40.091 thr-401487] Done Flushing buffer plan on 1
[18:41:40.097 thr-401491] Insert 8ms
[18:41:40.097 thr-401491] GC:  23072(454)=26161K 16627(326)=19841K 24662(485)=27771K 18886(371)=22049K 25282(498)=28414K 19043(373)=22351K 24070(475)=27070K 18840(372)=21917K
[18:41:40.097 thr-401491] Send StartPhase nr_ent 0
[18:41:40.097 thr-401491] Done Sending Start Phase
[18:41:40.122 thr-401489] Flushing buffer plan
[18:41:40.122 thr-401489] Done Flushing buffer plan on 1
[18:41:40.122 thr-401489] Initialization 25ms
[18:41:40.122 thr-401489] OnDemand 0 Splitted/Batch 0/0 rows
[18:41:40.122 thr-401489] Send StartPhase nr_ent 0
[18:41:40.122 thr-401489] Done Sending Start Phase
[18:41:40.126 thr-401485] Flushing buffer plan
[18:41:40.126 thr-401485] Done Flushing buffer plan on 1
[18:41:40.169 thr-401485] Execution 46ms
[18:41:40.169 thr-401485] Wait Counts 411931 0 403673 53304 418028 13194 410555 72193 
[18:41:40.169 thr-401485] We are going into epoch 43
[18:41:40.169 thr-401485] Using EpochTxnSet 0x55d4456743e8
[18:41:40.169 thr-401485] Send StartPhase nr_ent 0
[18:41:40.169 thr-401485] Done Sending Start Phase
[18:41:40.171 thr-401489] Flushing buffer plan
[18:41:40.171 thr-401489] Done Flushing buffer plan on 1
[18:41:40.177 thr-401488] Insert 8ms
[18:41:40.177 thr-401488] GC:  22598(446)=25744K 17004(335)=20187K 24021(471)=27078K 19702(387)=22928K 25087(491)=28131K 19289(380)=22334K 23840(467)=26911K 19207(376)=22335K
[18:41:40.177 thr-401488] Send StartPhase nr_ent 0
[18:41:40.177 thr-401488] Done Sending Start Phase
[18:41:40.202 thr-401487] Flushing buffer plan
[18:41:40.202 thr-401487] Done Flushing buffer plan on 1
[18:41:40.202 thr-401487] Initialization 25ms
[18:41:40.202 thr-401487] OnDemand 0 Splitted/Batch 0/0 rows
[18:41:40.202 thr-401487] Send StartPhase nr_ent 0
[18:41:40.202 thr-401487] Done Sending Start Phase
[18:41:40.206 thr-401484] Flushing buffer plan
[18:41:40.206 thr-401484] Done Flushing buffer plan on 1
[18:41:40.249 thr-401485] Execution 46ms
[18:41:40.249 thr-401485] Wait Counts 391126 0 362818 53909 415184 5991 406500 75188 
[18:41:40.249 thr-401485] We are going into epoch 44
[18:41:40.249 thr-401485] Using EpochTxnSet 0x55d4456744e8
[18:41:40.249 thr-401485] Send StartPhase nr_ent 0
[18:41:40.249 thr-401485] Done Sending Start Phase
[18:41:40.251 thr-401489] Flushing buffer plan
[18:41:40.251 thr-401489] Done Flushing buffer plan on 1
[18:41:40.257 thr-401487] Insert 8ms
[18:41:40.257 thr-401487] GC:  23121(455)=26199K 16564(325)=19761K 24521(482)=27534K 19208(379)=22327K 25052(494)=28194K 18782(368)=21842K 24386(479)=27489K 18827(371)=21996K
[18:41:40.257 thr-401487] Send StartPhase nr_ent 0
[18:41:40.257 thr-401487] Done Sending Start Phase
[18:41:40.282 thr-401487] Flushing buffer plan
[18:41:40.282 thr-401487] Done Flushing buffer plan on 1
[18:41:40.282 thr-401487] Initialization 25ms
[18:41:40.282 thr-401487] OnDemand 0 Splitted/Batch 0/0 rows
[18:41:40.282 thr-401487] Send StartPhase nr_ent 0
[18:41:40.282 thr-401487] Done Sending Start Phase
[18:41:40.286 thr-401489] Flushing buffer plan
[18:41:40.286 thr-401489] Done Flushing buffer plan on 1
[18:41:40.329 thr-401485] Execution 46ms
[18:41:40.329 thr-401485] Wait Counts 389257 130 365920 63903 401775 3529 398096 96658 
[18:41:40.329 thr-401485] We are going into epoch 45
[18:41:40.329 thr-401485] Using EpochTxnSet 0x55d4456745e8
[18:41:40.329 thr-401485] Send StartPhase nr_ent 0
[18:41:40.329 thr-401485] Done Sending Start Phase
[18:41:40.331 thr-401489] Flushing buffer plan
[18:41:40.331 thr-401489] Done Flushing buffer plan on 1
[18:41:40.337 thr-401486] Insert 8ms
[18:41:40.337 thr-401486] GC:  22507(441)=25550K 16954(333)=20001K 24194(476)=27230K 19643(387)=22842K 24964(490)=28008K 19236(379)=22296K 23935(468)=27079K 19186(378)=22273K
[18:41:40.337 thr-401486] Send StartPhase nr_ent 0
[18:41:40.337 thr-401486] Done Sending Start Phase
[18:41:40.362 thr-401487] Flushing buffer plan
[18:41:40.362 thr-401487] Done Flushing buffer plan on 1
[18:41:40.363 thr-401487] Initialization 25ms
[18:41:40.363 thr-401487] OnDemand 0 Splitted/Batch 0/0 rows
[18:41:40.363 thr-401487] Send StartPhase nr_ent 0
[18:41:40.363 thr-401487] Done Sending Start Phase
[18:41:40.366 thr-401491] Flushing buffer plan
[18:41:40.366 thr-401491] Done Flushing buffer plan on 1
[18:41:40.409 thr-401485] Execution 46ms
[18:41:40.409 thr-401485] Wait Counts 376475 1179 405221 37056 457258 0 406351 57915 
[18:41:40.409 thr-401485] We are going into epoch 46
[18:41:40.409 thr-401485] Using EpochTxnSet 0x55d4456746e8
[18:41:40.409 thr-401485] Send StartPhase nr_ent 0
[18:41:40.409 thr-401485] Done Sending Start Phase
[18:41:40.411 thr-401489] Flushing buffer plan
[18:41:40.411 thr-401489] Done Flushing buffer plan on 1
[18:41:40.417 thr-401487] Insert 8ms
[18:41:40.417 thr-401487] GC:  22256(436)=25292K 17142(335)=20237K 23981(471)=27061K 20123(396)=23252K 24634(484)=27642K 19448(383)=22674K 23715(466)=26763K 19470(382)=22664K
[18:41:40.417 thr-401487] Send StartPhase nr_ent 0
[18:41:40.417 thr-401487] Done Sending Start Phase
[18:41:40.442 thr-401487] Flushing buffer plan
[18:41:40.442 thr-401487] Done Flushing buffer plan on 1
[18:41:40.442 thr-401487] Initialization 25ms
[18:41:40.442 thr-401487] OnDemand 0 Splitted/Batch 0/0 rows
[18:41:40.442 thr-401487] Send StartPhase nr_ent 0
[18:41:40.442 thr-401487] Done Sending Start Phase
[18:41:40.446 thr-401485] Flushing buffer plan
[18:41:40.446 thr-401485] Done Flushing buffer plan on 1
[18:41:40.489 thr-401485] Execution 46ms
[18:41:40.489 thr-401485] Wait Counts 374036 0 406230 48573 419998 15461 396468 56540 
[18:41:40.489 thr-401485] We are going into epoch 47
[18:41:40.489 thr-401485] Using EpochTxnSet 0x55d4456747e8
[18:41:40.489 thr-401485] Send StartPhase nr_ent 0
[18:41:40.489 thr-401485] Done Sending Start Phase
[18:41:40.491 thr-401489] Flushing buffer plan
[18:41:40.491 thr-401489] Done Flushing buffer plan on 1
[18:41:40.497 thr-401491] Insert 8ms
[18:41:40.497 thr-401491] GC:  22554(443)=25660K 17013(334)=20148K 24042(474)=27283K 19810(388)=22976K 24577(484)=27714K 19081(375)=22264K 24001(472)=27090K 19366(380)=22500K
[18:41:40.497 thr-401491] Send StartPhase nr_ent 0
[18:41:40.497 thr-401491] Done Sending Start Phase
[18:41:40.522 thr-401487] Flushing buffer plan
[18:41:40.522 thr-401487] Done Flushing buffer plan on 1
[18:41:40.523 thr-401487] Initialization 25ms
[18:41:40.523 thr-401487] OnDemand 0 Splitted/Batch 0/0 rows
[18:41:40.523 thr-401487] Send StartPhase nr_ent 0
[18:41:40.523 thr-401487] Done Sending Start Phase
[18:41:40.526 thr-401484] Flushing buffer plan
[18:41:40.526 thr-401484] Done Flushing buffer plan on 1
[18:41:40.569 thr-401485] Execution 46ms
[18:41:40.569 thr-401485] Wait Counts 424356 0 388947 52093 419495 21143 360848 71906 
[18:41:40.569 thr-401485] We are going into epoch 48
[18:41:40.569 thr-401485] Using EpochTxnSet 0x55d4456748e8
[18:41:40.569 thr-401485] Send StartPhase nr_ent 0
[18:41:40.569 thr-401485] Done Sending Start Phase
[18:41:40.572 thr-401489] Flushing buffer plan
[18:41:40.572 thr-401489] Done Flushing buffer plan on 1
[18:41:40.578 thr-401484] Insert 8ms
[18:41:40.578 thr-401484] GC:  22525(441)=25651K 17004(334)=20152K 24227(478)=27251K 19733(389)=22778K 24831(487)=27935K 19284(379)=22435K 23683(465)=26769K 19208(378)=22372K
[18:41:40.578 thr-401484] Send StartPhase nr_ent 0
[18:41:40.578 thr-401484] Done Sending Start Phase
[18:41:40.602 thr-401489] Flushing buffer plan
[18:41:40.602 thr-401489] Done Flushing buffer plan on 1
[18:41:40.602 thr-401489] Initialization 24ms
[18:41:40.602 thr-401489] OnDemand 0 Splitted/Batch 0/0 rows
[18:41:40.603 thr-401489] Send StartPhase nr_ent 0
[18:41:40.603 thr-401489] Done Sending Start Phase
[18:41:40.606 thr-401487] Flushing buffer plan
[18:41:40.606 thr-401487] Done Flushing buffer plan on 1
[18:41:40.649 thr-401485] Execution 46ms
[18:41:40.649 thr-401485] Wait Counts 435433 0 415407 59824 476130 23155 432855 51975 
[18:41:40.649 thr-401485] We are going into epoch 49
[18:41:40.649 thr-401485] Using EpochTxnSet 0x55d4456749e8
[18:41:40.649 thr-401485] Send StartPhase nr_ent 0
[18:41:40.649 thr-401485] Done Sending Start Phase
[18:41:40.651 thr-401487] Flushing buffer plan
[18:41:40.651 thr-401487] Done Flushing buffer plan on 1
[18:41:40.657 thr-401488] Insert 8ms
[18:41:40.657 thr-401488] GC:  22709(447)=25814K 16712(331)=19892K 24047(472)=27069K 19514(383)=22681K 24712(486)=27767K 19762(387)=22934K 23996(473)=27151K 18890(371)=21987K
[18:41:40.657 thr-401488] Send StartPhase nr_ent 0
[18:41:40.657 thr-401488] Done Sending Start Phase
[18:41:40.682 thr-401489] Flushing buffer plan
[18:41:40.682 thr-401489] Done Flushing buffer plan on 1
[18:41:40.682 thr-401489] Initialization 25ms
[18:41:40.682 thr-401489] OnDemand 0 Splitted/Batch 0/0 rows
[18:41:40.682 thr-401489] Send StartPhase nr_ent 0
[18:41:40.682 thr-401489] Done Sending Start Phase
[18:41:40.686 thr-401484] Flushing buffer plan
[18:41:40.686 thr-401484] Done Flushing buffer plan on 1
[18:41:40.729 thr-401485] Execution 46ms
[18:41:40.729 thr-401485] Wait Counts 370430 0 365057 63817 398009 9907 386658 58230 
[18:41:40.729 thr-401485] All epochs done in 3808ms
[18:41:40.729 thr-401485] Throughput 1286764 txn/s
[18:41:40.729 thr-401485] Insert / Initialize / Execute 327 ms 1258 ms 2144 ms
[18:41:40.729 thr-401481] Freeing EpochMemory
